<?xml version="1.0" encoding="UTF-8"?>
<!-- Generated by org.testng.reporters.JUnitXMLReporter -->
<testsuite ignored="0" hostname="Roman" failures="1" tests="3" name="Submit Order Test" time="40.719" errors="0" timestamp="2024-03-26T14:03:42 EDT">
  <testcase classname="romangaznavi.tests.SubmitOrderTest" name="submitOrder" time="15.826"/>
  <testcase classname="romangaznavi.tests.SubmitOrderTest" name="submitOrder" time="1.131">
    <failure type="java.lang.NullPointerException">
      <![CDATA[java.lang.NullPointerException
at romangaznavi.pageobjects.ProductCatalogue.addProductToCart(ProductCatalogue.java:55)
at romangaznavi.tests.SubmitOrderTest.submitOrder(SubmitOrderTest.java:29)
at java.base/java.util.ArrayList.forEach(ArrayList.java:1541)
at java.base/java.util.concurrent.FutureTask.run(FutureTask.java:264)
at java.base/java.util.concurrent.ThreadPoolExecutor.runWorker(ThreadPoolExecutor.java:1128)
at java.base/java.util.concurrent.ThreadPoolExecutor$Worker.run(ThreadPoolExecutor.java:628)
at java.base/java.lang.Thread.run(Thread.java:834)
... Removed 17 stack frames]]>
    </failure>
  </testcase> <!-- submitOrder -->
  <testcase classname="romangaznavi.tests.SubmitOrderTest" name="orderHistoryTest" time="0.0">
    <skipped/>
  </testcase> <!-- orderHistoryTest -->
</testsuite> <!-- Submit Order Test -->
